modules/pip-android/android/build/outputs/logs/manifest-merger-release-report.txt
-- Merging decision tree log ---
manifest
ADDED from ProcessLibraryManifest/release/tempAndroidManifest13559381846566607068.xml:2:13-83
INJECTED from ProcessLibraryManifest/release/tempAndroidManifest13559381846566607068.xml:2:13-83
	package
		INJECTED from ProcessLibraryManifest/release/tempAndroidManifest13559381846566607068.xml
	xmlns:android
		ADDED from ProcessLibraryManifest/release/tempAndroidManifest13559381846566607068.xml:2:23-81
uses-sdk
INJECTED from ProcessLibraryManifest/release/tempAndroidManifest13559381846566607068.xml reason: use-sdk injection requested
INJECTED from ProcessLibraryManifest/release/tempAndroidManifest13559381846566607068.xml
INJECTED from ProcessLibraryManifest/release/tempAndroidManifest13559381846566607068.xml
	android:targetSdkVersion
		INJECTED from ProcessLibraryManifest/release/tempAndroidManifest13559381846566607068.xml
	android:minSdkVersion
		INJECTED from ProcessLibraryManifest/release/tempAndroidManifest13559381846566607068.xml